2019-12-13 15:50:03.594 remo [restartedMain] INFO  o.s.b.d.e.DevToolsPropertyDefaultsPostProcessor - Devtools property defaults active! Set 'spring.devtools.add-properties' to 'false' to disable
2019-12-13 15:50:03.770 remo [restartedMain] INFO  o.s.c.s.PostProcessorRegistrationDelegate$BeanPostProcessorChecker - Bean 'org.springframework.cloud.autoconfigure.ConfigurationPropertiesRebinderAutoConfiguration' of type [org.springframework.cloud.autoconfigure.ConfigurationPropertiesRebinderAutoConfiguration$$EnhancerBySpringCGLIB$$f3104c80] is not eligible for getting processed by all BeanPostProcessors (for example: not eligible for auto-proxying)
2019-12-13 15:50:05.036 remo [restartedMain] INFO  LogApplication - No active profile set, falling back to default profiles: default
2019-12-13 15:50:05.748 remo [restartedMain] INFO  o.s.d.r.c.RepositoryConfigurationDelegate - Bootstrapping Spring Data repositories in DEFAULT mode.
2019-12-13 15:50:05.896 remo [restartedMain] INFO  o.s.d.r.c.RepositoryConfigurationDelegate - Finished Spring Data repository scanning in 127ms. Found 1 repository interfaces.
2019-12-13 15:50:06.194 remo [restartedMain] INFO  o.s.cloud.context.scope.GenericScope - BeanFactory id=d94ce635-1a3f-35d8-849f-cf5921b5bb24
2019-12-13 15:50:06.276 remo [restartedMain] INFO  o.s.c.s.PostProcessorRegistrationDelegate$BeanPostProcessorChecker - Bean 'org.springframework.transaction.annotation.ProxyTransactionManagementConfiguration' of type [org.springframework.transaction.annotation.ProxyTransactionManagementConfiguration$$EnhancerBySpringCGLIB$$d6f64983] is not eligible for getting processed by all BeanPostProcessors (for example: not eligible for auto-proxying)
2019-12-13 15:50:06.294 remo [restartedMain] INFO  o.s.c.s.PostProcessorRegistrationDelegate$BeanPostProcessorChecker - Bean 'org.springframework.cloud.autoconfigure.ConfigurationPropertiesRebinderAutoConfiguration' of type [org.springframework.cloud.autoconfigure.ConfigurationPropertiesRebinderAutoConfiguration$$EnhancerBySpringCGLIB$$f3104c80] is not eligible for getting processed by all BeanPostProcessors (for example: not eligible for auto-proxying)
2019-12-13 15:50:06.722 remo [restartedMain] INFO  o.s.b.w.e.tomcat.TomcatWebServer - Tomcat initialized with port(s): 8763 (http)
2019-12-13 15:50:06.735 remo [restartedMain] INFO  o.a.coyote.http11.Http11NioProtocol - Initializing ProtocolHandler ["http-nio-8763"]
2019-12-13 15:50:06.744 remo [restartedMain] INFO  o.a.catalina.core.StandardService - Starting service [Tomcat]
2019-12-13 15:50:06.744 remo [restartedMain] INFO  o.a.catalina.core.StandardEngine - Starting Servlet engine: [Apache Tomcat/9.0.22]
2019-12-13 15:50:06.974 remo [restartedMain] INFO  o.a.c.c.C.[Tomcat].[localhost].[/] - Initializing Spring embedded WebApplicationContext
2019-12-13 15:50:06.974 remo [restartedMain] INFO  o.s.web.context.ContextLoader - Root WebApplicationContext: initialization completed in 1928 ms
2019-12-13 15:50:07.286 remo [restartedMain] INFO  com.zaxxer.hikari.HikariDataSource - HikariPool-1 - Starting...
2019-12-13 15:50:08.540 remo [restartedMain] INFO  com.zaxxer.hikari.HikariDataSource - HikariPool-1 - Starting...
2019-12-13 15:50:09.664 remo [restartedMain] INFO  o.h.jpa.internal.util.LogHelper - HHH000204: Processing PersistenceUnitInfo [
	name: default
	...]
2019-12-13 15:50:09.873 remo [restartedMain] INFO  org.hibernate.Version - HHH000412: Hibernate Core {5.3.10.Final}
2019-12-13 15:50:09.874 remo [restartedMain] INFO  org.hibernate.cfg.Environment - HHH000206: hibernate.properties not found
2019-12-13 15:50:10.879 remo [restartedMain] INFO  o.h.annotations.common.Version - HCANN000001: Hibernate Commons Annotations {5.0.4.Final}
2019-12-13 15:50:11.167 remo [restartedMain] INFO  com.zaxxer.hikari.HikariDataSource - HikariPool-1 - Starting...
2019-12-13 15:50:12.175 remo [restartedMain] INFO  o.a.catalina.core.StandardService - Stopping service [Tomcat]
2019-12-13 15:50:12.186 remo [restartedMain] INFO  o.s.b.a.l.ConditionEvaluationReportLoggingListener - 

Error starting ApplicationContext. To display the conditions report re-run your application with 'debug' enabled.
2019-12-13 15:50:50.867 remo [restartedMain] INFO  o.s.b.d.e.DevToolsPropertyDefaultsPostProcessor - Devtools property defaults active! Set 'spring.devtools.add-properties' to 'false' to disable
2019-12-13 15:50:51.046 remo [restartedMain] INFO  o.s.c.s.PostProcessorRegistrationDelegate$BeanPostProcessorChecker - Bean 'org.springframework.cloud.autoconfigure.ConfigurationPropertiesRebinderAutoConfiguration' of type [org.springframework.cloud.autoconfigure.ConfigurationPropertiesRebinderAutoConfiguration$$EnhancerBySpringCGLIB$$b4c5e513] is not eligible for getting processed by all BeanPostProcessors (for example: not eligible for auto-proxying)
2019-12-13 15:50:52.313 remo [restartedMain] INFO  LogApplication - No active profile set, falling back to default profiles: default
2019-12-13 15:50:52.805 remo [restartedMain] INFO  o.s.d.r.c.RepositoryConfigurationDelegate - Bootstrapping Spring Data repositories in DEFAULT mode.
2019-12-13 15:50:52.861 remo [restartedMain] INFO  o.s.d.r.c.RepositoryConfigurationDelegate - Finished Spring Data repository scanning in 50ms. Found 1 repository interfaces.
2019-12-13 15:50:53.083 remo [restartedMain] INFO  o.s.cloud.context.scope.GenericScope - BeanFactory id=d94ce635-1a3f-35d8-849f-cf5921b5bb24
2019-12-13 15:50:53.166 remo [restartedMain] INFO  o.s.c.s.PostProcessorRegistrationDelegate$BeanPostProcessorChecker - Bean 'org.springframework.transaction.annotation.ProxyTransactionManagementConfiguration' of type [org.springframework.transaction.annotation.ProxyTransactionManagementConfiguration$$EnhancerBySpringCGLIB$$98abe216] is not eligible for getting processed by all BeanPostProcessors (for example: not eligible for auto-proxying)
2019-12-13 15:50:53.183 remo [restartedMain] INFO  o.s.c.s.PostProcessorRegistrationDelegate$BeanPostProcessorChecker - Bean 'org.springframework.cloud.autoconfigure.ConfigurationPropertiesRebinderAutoConfiguration' of type [org.springframework.cloud.autoconfigure.ConfigurationPropertiesRebinderAutoConfiguration$$EnhancerBySpringCGLIB$$b4c5e513] is not eligible for getting processed by all BeanPostProcessors (for example: not eligible for auto-proxying)
2019-12-13 15:50:53.611 remo [restartedMain] INFO  o.s.b.w.e.tomcat.TomcatWebServer - Tomcat initialized with port(s): 8763 (http)
2019-12-13 15:50:53.624 remo [restartedMain] INFO  o.a.coyote.http11.Http11NioProtocol - Initializing ProtocolHandler ["http-nio-8763"]
2019-12-13 15:50:53.633 remo [restartedMain] INFO  o.a.catalina.core.StandardService - Starting service [Tomcat]
2019-12-13 15:50:53.633 remo [restartedMain] INFO  o.a.catalina.core.StandardEngine - Starting Servlet engine: [Apache Tomcat/9.0.22]
2019-12-13 15:50:53.865 remo [restartedMain] INFO  o.a.c.c.C.[Tomcat].[localhost].[/] - Initializing Spring embedded WebApplicationContext
2019-12-13 15:50:53.866 remo [restartedMain] INFO  o.s.web.context.ContextLoader - Root WebApplicationContext: initialization completed in 1543 ms
2019-12-13 15:50:54.033 remo [restartedMain] INFO  com.zaxxer.hikari.HikariDataSource - HikariPool-1 - Starting...
2019-12-13 15:50:54.374 remo [restartedMain] INFO  com.zaxxer.hikari.HikariDataSource - HikariPool-1 - Start completed.
2019-12-13 15:50:54.419 remo [restartedMain] INFO  o.h.jpa.internal.util.LogHelper - HHH000204: Processing PersistenceUnitInfo [
	name: default
	...]
2019-12-13 15:50:54.467 remo [restartedMain] INFO  org.hibernate.Version - HHH000412: Hibernate Core {5.3.10.Final}
2019-12-13 15:50:54.468 remo [restartedMain] INFO  org.hibernate.cfg.Environment - HHH000206: hibernate.properties not found
2019-12-13 15:50:54.580 remo [restartedMain] INFO  o.h.annotations.common.Version - HCANN000001: Hibernate Commons Annotations {5.0.4.Final}
2019-12-13 15:50:54.735 remo [restartedMain] INFO  org.hibernate.dialect.Dialect - HHH000400: Using dialect: org.hibernate.dialect.MySQL5Dialect
2019-12-13 15:50:56.351 remo [restartedMain] INFO  o.s.o.j.LocalContainerEntityManagerFactoryBean - Initialized JPA EntityManagerFactory for persistence unit 'default'
2019-12-13 15:50:56.786 remo [restartedMain] INFO  c.n.c.sources.URLConfigurationSource - To enable URLs as dynamic configuration sources, define System property archaius.configurationSource.additionalUrls or make config.properties available on classpath.
2019-12-13 15:50:56.790 remo [restartedMain] INFO  c.n.c.sources.URLConfigurationSource - To enable URLs as dynamic configuration sources, define System property archaius.configurationSource.additionalUrls or make config.properties available on classpath.
2019-12-13 15:50:56.976 remo [restartedMain] INFO  o.s.s.c.ThreadPoolTaskExecutor - Initializing ExecutorService 'applicationTaskExecutor'
2019-12-13 15:50:58.447 remo [restartedMain] INFO  o.s.cloud.commons.util.InetUtils - Cannot determine local hostname
2019-12-13 15:50:59.594 remo [restartedMain] INFO  o.s.cloud.commons.util.InetUtils - Cannot determine local hostname
2019-12-13 15:50:59.711 remo [restartedMain] INFO  o.s.c.n.eureka.InstanceInfoFactory - Setting initial instance status as: STARTING
2019-12-13 15:50:59.741 remo [restartedMain] INFO  c.netflix.discovery.DiscoveryClient - Initializing Eureka in region us-east-1
2019-12-13 15:50:59.797 remo [restartedMain] INFO  c.n.d.p.DiscoveryJerseyProvider - Using JSON encoding codec LegacyJacksonJson
2019-12-13 15:50:59.797 remo [restartedMain] INFO  c.n.d.p.DiscoveryJerseyProvider - Using JSON decoding codec LegacyJacksonJson
2019-12-13 15:51:00.081 remo [restartedMain] INFO  c.n.d.p.DiscoveryJerseyProvider - Using XML encoding codec XStreamXml
2019-12-13 15:51:00.081 remo [restartedMain] INFO  c.n.d.p.DiscoveryJerseyProvider - Using XML decoding codec XStreamXml
2019-12-13 15:51:00.237 remo [restartedMain] INFO  c.n.d.s.r.aws.ConfigClusterResolver - Resolving eureka endpoints via configuration
2019-12-13 15:51:00.339 remo [restartedMain] INFO  c.netflix.discovery.DiscoveryClient - Disable delta property : false
2019-12-13 15:51:00.339 remo [restartedMain] INFO  c.netflix.discovery.DiscoveryClient - Single vip registry refresh property : null
2019-12-13 15:51:00.339 remo [restartedMain] INFO  c.netflix.discovery.DiscoveryClient - Force full registry fetch : false
2019-12-13 15:51:00.339 remo [restartedMain] INFO  c.netflix.discovery.DiscoveryClient - Application is null : false
2019-12-13 15:51:00.339 remo [restartedMain] INFO  c.netflix.discovery.DiscoveryClient - Registered Applications size is zero : true
2019-12-13 15:51:00.339 remo [restartedMain] INFO  c.netflix.discovery.DiscoveryClient - Application version is -1: true
2019-12-13 15:51:00.339 remo [restartedMain] INFO  c.netflix.discovery.DiscoveryClient - Getting all instance registry info from the eureka server
2019-12-13 15:51:00.471 remo [restartedMain] INFO  c.netflix.discovery.DiscoveryClient - The response status is 200
2019-12-13 15:51:00.473 remo [restartedMain] INFO  c.netflix.discovery.DiscoveryClient - Starting heartbeat executor: renew interval is: 30
2019-12-13 15:51:00.475 remo [restartedMain] INFO  c.n.discovery.InstanceInfoReplicator - InstanceInfoReplicator onDemand update allowed rate per min is 4
2019-12-13 15:51:00.478 remo [restartedMain] INFO  c.netflix.discovery.DiscoveryClient - Discovery Client initialized at timestamp 1576223460477 with initial instances count: 1
2019-12-13 15:51:00.481 remo [restartedMain] INFO  o.s.c.n.e.s.EurekaServiceRegistry - Registering application LOG with eureka with status UP
2019-12-13 15:51:00.481 remo [restartedMain] INFO  c.netflix.discovery.DiscoveryClient - Saw local status change event StatusChangeEvent [timestamp=1576223460481, current=UP, previous=STARTING]
2019-12-13 15:51:00.484 remo [DiscoveryClient-InstanceInfoReplicator-0] INFO  c.netflix.discovery.DiscoveryClient - DiscoveryClient_LOG/localhost:log:8763: registering service...
2019-12-13 15:51:00.496 remo [restartedMain] INFO  o.a.coyote.http11.Http11NioProtocol - Starting ProtocolHandler ["http-nio-8763"]
2019-12-13 15:51:00.520 remo [restartedMain] INFO  o.s.b.w.e.tomcat.TomcatWebServer - Tomcat started on port(s): 8763 (http) with context path ''
2019-12-13 15:51:00.521 remo [restartedMain] INFO  o.s.c.n.e.s.EurekaAutoServiceRegistration - Updating port to 8763
2019-12-13 15:51:00.522 remo [DiscoveryClient-InstanceInfoReplicator-0] INFO  c.netflix.discovery.DiscoveryClient - DiscoveryClient_LOG/localhost:log:8763 - registration status: 204
2019-12-13 15:51:00.523 remo [restartedMain] INFO  LogApplication - Started LogApplication in 11.409 seconds (JVM running for 12.308)
