2020-03-03 11:12:57.237 remo [restartedMain] INFO  o.s.b.d.e.DevToolsPropertyDefaultsPostProcessor - Devtools property defaults active! Set 'spring.devtools.add-properties' to 'false' to disable
2020-03-03 11:12:57.416 remo [restartedMain] INFO  o.s.c.s.PostProcessorRegistrationDelegate$BeanPostProcessorChecker - Bean 'org.springframework.cloud.autoconfigure.ConfigurationPropertiesRebinderAutoConfiguration' of type [org.springframework.cloud.autoconfigure.ConfigurationPropertiesRebinderAutoConfiguration$$EnhancerBySpringCGLIB$$68a13f29] is not eligible for getting processed by all BeanPostProcessors (for example: not eligible for auto-proxying)
2020-03-03 11:12:58.689 remo [restartedMain] INFO  com.remo.LogApplication - No active profile set, falling back to default profiles: default
2020-03-03 11:12:59.420 remo [restartedMain] INFO  o.s.d.r.c.RepositoryConfigurationDelegate - Bootstrapping Spring Data repositories in DEFAULT mode.
2020-03-03 11:12:59.531 remo [restartedMain] INFO  o.s.d.r.c.RepositoryConfigurationDelegate - Finished Spring Data repository scanning in 91ms. Found 1 repository interfaces.
2020-03-03 11:12:59.857 remo [restartedMain] INFO  o.s.cloud.context.scope.GenericScope - BeanFactory id=d94ce635-1a3f-35d8-849f-cf5921b5bb24
2020-03-03 11:12:59.940 remo [restartedMain] INFO  o.s.c.s.PostProcessorRegistrationDelegate$BeanPostProcessorChecker - Bean 'org.springframework.transaction.annotation.ProxyTransactionManagementConfiguration' of type [org.springframework.transaction.annotation.ProxyTransactionManagementConfiguration$$EnhancerBySpringCGLIB$$4c873c2c] is not eligible for getting processed by all BeanPostProcessors (for example: not eligible for auto-proxying)
2020-03-03 11:12:59.969 remo [restartedMain] INFO  o.s.c.s.PostProcessorRegistrationDelegate$BeanPostProcessorChecker - Bean 'org.springframework.cloud.autoconfigure.ConfigurationPropertiesRebinderAutoConfiguration' of type [org.springframework.cloud.autoconfigure.ConfigurationPropertiesRebinderAutoConfiguration$$EnhancerBySpringCGLIB$$68a13f29] is not eligible for getting processed by all BeanPostProcessors (for example: not eligible for auto-proxying)
2020-03-03 11:13:00.768 remo [restartedMain] INFO  o.s.b.w.e.tomcat.TomcatWebServer - Tomcat initialized with port(s): 8764 (http)
2020-03-03 11:13:00.780 remo [restartedMain] INFO  o.a.coyote.http11.Http11NioProtocol - Initializing ProtocolHandler ["http-nio-8764"]
2020-03-03 11:13:00.789 remo [restartedMain] INFO  o.a.catalina.core.StandardService - Starting service [Tomcat]
2020-03-03 11:13:00.790 remo [restartedMain] INFO  o.a.catalina.core.StandardEngine - Starting Servlet engine: [Apache Tomcat/9.0.22]
2020-03-03 11:13:01.490 remo [restartedMain] INFO  o.a.c.c.C.[Tomcat].[localhost].[/] - Initializing Spring embedded WebApplicationContext
2020-03-03 11:13:01.490 remo [restartedMain] INFO  o.s.web.context.ContextLoader - Root WebApplicationContext: initialization completed in 2791 ms
2020-03-03 11:13:01.793 remo [restartedMain] INFO  com.zaxxer.hikari.HikariDataSource - HikariPool-1 - Starting...
2020-03-03 11:13:02.277 remo [restartedMain] INFO  com.zaxxer.hikari.HikariDataSource - HikariPool-1 - Start completed.
2020-03-03 11:13:02.451 remo [restartedMain] INFO  o.h.jpa.internal.util.LogHelper - HHH000204: Processing PersistenceUnitInfo [
	name: default
	...]
2020-03-03 11:13:02.565 remo [restartedMain] INFO  org.hibernate.Version - HHH000412: Hibernate Core {5.3.10.Final}
2020-03-03 11:13:02.566 remo [restartedMain] INFO  org.hibernate.cfg.Environment - HHH000206: hibernate.properties not found
2020-03-03 11:13:02.867 remo [restartedMain] INFO  o.h.annotations.common.Version - HCANN000001: Hibernate Commons Annotations {5.0.4.Final}
2020-03-03 11:13:03.073 remo [restartedMain] INFO  org.hibernate.dialect.Dialect - HHH000400: Using dialect: org.hibernate.dialect.MySQL5Dialect
2020-03-03 11:13:03.980 remo [restartedMain] INFO  o.s.o.j.LocalContainerEntityManagerFactoryBean - Initialized JPA EntityManagerFactory for persistence unit 'default'
2020-03-03 11:13:04.347 remo [restartedMain] INFO  c.n.c.sources.URLConfigurationSource - To enable URLs as dynamic configuration sources, define System property archaius.configurationSource.additionalUrls or make config.properties available on classpath.
2020-03-03 11:13:04.351 remo [restartedMain] INFO  c.n.c.sources.URLConfigurationSource - To enable URLs as dynamic configuration sources, define System property archaius.configurationSource.additionalUrls or make config.properties available on classpath.
2020-03-03 11:13:04.552 remo [restartedMain] INFO  o.s.s.c.ThreadPoolTaskExecutor - Initializing ExecutorService 'applicationTaskExecutor'
2020-03-03 11:13:06.047 remo [restartedMain] INFO  o.s.cloud.commons.util.InetUtils - Cannot determine local hostname
2020-03-03 11:13:07.195 remo [restartedMain] INFO  o.s.cloud.commons.util.InetUtils - Cannot determine local hostname
2020-03-03 11:13:07.321 remo [restartedMain] INFO  o.s.c.n.eureka.InstanceInfoFactory - Setting initial instance status as: STARTING
2020-03-03 11:13:07.351 remo [restartedMain] INFO  c.netflix.discovery.DiscoveryClient - Initializing Eureka in region us-east-1
2020-03-03 11:13:07.599 remo [restartedMain] INFO  c.n.d.p.DiscoveryJerseyProvider - Using JSON encoding codec LegacyJacksonJson
2020-03-03 11:13:07.600 remo [restartedMain] INFO  c.n.d.p.DiscoveryJerseyProvider - Using JSON decoding codec LegacyJacksonJson
2020-03-03 11:13:07.699 remo [restartedMain] INFO  c.n.d.p.DiscoveryJerseyProvider - Using XML encoding codec XStreamXml
2020-03-03 11:13:07.699 remo [restartedMain] INFO  c.n.d.p.DiscoveryJerseyProvider - Using XML decoding codec XStreamXml
2020-03-03 11:13:07.882 remo [restartedMain] INFO  c.n.d.s.r.aws.ConfigClusterResolver - Resolving eureka endpoints via configuration
2020-03-03 11:13:07.988 remo [restartedMain] INFO  c.netflix.discovery.DiscoveryClient - Disable delta property : false
2020-03-03 11:13:07.988 remo [restartedMain] INFO  c.netflix.discovery.DiscoveryClient - Single vip registry refresh property : null
2020-03-03 11:13:07.988 remo [restartedMain] INFO  c.netflix.discovery.DiscoveryClient - Force full registry fetch : false
2020-03-03 11:13:07.988 remo [restartedMain] INFO  c.netflix.discovery.DiscoveryClient - Application is null : false
2020-03-03 11:13:07.988 remo [restartedMain] INFO  c.netflix.discovery.DiscoveryClient - Registered Applications size is zero : true
2020-03-03 11:13:07.988 remo [restartedMain] INFO  c.netflix.discovery.DiscoveryClient - Application version is -1: true
2020-03-03 11:13:07.989 remo [restartedMain] INFO  c.netflix.discovery.DiscoveryClient - Getting all instance registry info from the eureka server
2020-03-03 11:13:08.129 remo [restartedMain] INFO  c.netflix.discovery.DiscoveryClient - The response status is 200
2020-03-03 11:13:08.132 remo [restartedMain] INFO  c.netflix.discovery.DiscoveryClient - Starting heartbeat executor: renew interval is: 30
2020-03-03 11:13:08.133 remo [restartedMain] INFO  c.n.discovery.InstanceInfoReplicator - InstanceInfoReplicator onDemand update allowed rate per min is 4
2020-03-03 11:13:08.137 remo [restartedMain] INFO  c.netflix.discovery.DiscoveryClient - Discovery Client initialized at timestamp 1583205188136 with initial instances count: 2
2020-03-03 11:13:08.139 remo [restartedMain] INFO  o.s.c.n.e.s.EurekaServiceRegistry - Registering application LOG with eureka with status UP
2020-03-03 11:13:08.140 remo [restartedMain] INFO  c.netflix.discovery.DiscoveryClient - Saw local status change event StatusChangeEvent [timestamp=1583205188140, current=UP, previous=STARTING]
2020-03-03 11:13:08.142 remo [DiscoveryClient-InstanceInfoReplicator-0] INFO  c.netflix.discovery.DiscoveryClient - DiscoveryClient_LOG/localhost:log:8764: registering service...
2020-03-03 11:13:08.156 remo [restartedMain] INFO  o.a.coyote.http11.Http11NioProtocol - Starting ProtocolHandler ["http-nio-8764"]
2020-03-03 11:13:08.184 remo [restartedMain] INFO  o.s.b.w.e.tomcat.TomcatWebServer - Tomcat started on port(s): 8764 (http) with context path ''
2020-03-03 11:13:08.184 remo [DiscoveryClient-InstanceInfoReplicator-0] INFO  c.netflix.discovery.DiscoveryClient - DiscoveryClient_LOG/localhost:log:8764 - registration status: 204
2020-03-03 11:13:08.185 remo [restartedMain] INFO  o.s.c.n.e.s.EurekaAutoServiceRegistration - Updating port to 8764
2020-03-03 11:13:08.187 remo [restartedMain] INFO  com.remo.LogApplication - Started LogApplication in 12.865 seconds (JVM running for 14.0)
2020-03-03 11:18:07.991 remo [AsyncResolver-bootstrap-executor-0] INFO  c.n.d.s.r.aws.ConfigClusterResolver - Resolving eureka endpoints via configuration
2020-03-03 11:23:07.994 remo [AsyncResolver-bootstrap-executor-0] INFO  c.n.d.s.r.aws.ConfigClusterResolver - Resolving eureka endpoints via configuration
2020-03-03 11:28:07.996 remo [AsyncResolver-bootstrap-executor-0] INFO  c.n.d.s.r.aws.ConfigClusterResolver - Resolving eureka endpoints via configuration
2020-03-03 11:33:07.997 remo [AsyncResolver-bootstrap-executor-0] INFO  c.n.d.s.r.aws.ConfigClusterResolver - Resolving eureka endpoints via configuration
2020-03-03 11:38:07.999 remo [AsyncResolver-bootstrap-executor-0] INFO  c.n.d.s.r.aws.ConfigClusterResolver - Resolving eureka endpoints via configuration
2020-03-03 11:43:08.001 remo [AsyncResolver-bootstrap-executor-0] INFO  c.n.d.s.r.aws.ConfigClusterResolver - Resolving eureka endpoints via configuration
2020-03-03 11:48:08.002 remo [AsyncResolver-bootstrap-executor-0] INFO  c.n.d.s.r.aws.ConfigClusterResolver - Resolving eureka endpoints via configuration
2020-03-03 11:53:08.004 remo [AsyncResolver-bootstrap-executor-0] INFO  c.n.d.s.r.aws.ConfigClusterResolver - Resolving eureka endpoints via configuration
2020-03-03 11:58:08.007 remo [AsyncResolver-bootstrap-executor-0] INFO  c.n.d.s.r.aws.ConfigClusterResolver - Resolving eureka endpoints via configuration
2020-03-03 12:03:08.008 remo [AsyncResolver-bootstrap-executor-0] INFO  c.n.d.s.r.aws.ConfigClusterResolver - Resolving eureka endpoints via configuration
2020-03-03 12:08:08.009 remo [AsyncResolver-bootstrap-executor-0] INFO  c.n.d.s.r.aws.ConfigClusterResolver - Resolving eureka endpoints via configuration
2020-03-03 12:13:08.011 remo [AsyncResolver-bootstrap-executor-0] INFO  c.n.d.s.r.aws.ConfigClusterResolver - Resolving eureka endpoints via configuration
2020-03-03 12:18:08.013 remo [AsyncResolver-bootstrap-executor-0] INFO  c.n.d.s.r.aws.ConfigClusterResolver - Resolving eureka endpoints via configuration
2020-03-03 12:23:08.014 remo [AsyncResolver-bootstrap-executor-0] INFO  c.n.d.s.r.aws.ConfigClusterResolver - Resolving eureka endpoints via configuration
2020-03-03 12:28:08.015 remo [AsyncResolver-bootstrap-executor-0] INFO  c.n.d.s.r.aws.ConfigClusterResolver - Resolving eureka endpoints via configuration
2020-03-03 12:33:08.017 remo [AsyncResolver-bootstrap-executor-0] INFO  c.n.d.s.r.aws.ConfigClusterResolver - Resolving eureka endpoints via configuration
2020-03-03 12:38:08.017 remo [AsyncResolver-bootstrap-executor-0] INFO  c.n.d.s.r.aws.ConfigClusterResolver - Resolving eureka endpoints via configuration
2020-03-03 12:43:08.019 remo [AsyncResolver-bootstrap-executor-0] INFO  c.n.d.s.r.aws.ConfigClusterResolver - Resolving eureka endpoints via configuration
2020-03-03 12:48:08.021 remo [AsyncResolver-bootstrap-executor-0] INFO  c.n.d.s.r.aws.ConfigClusterResolver - Resolving eureka endpoints via configuration
2020-03-03 12:50:02.459 remo [http-nio-8764-exec-1] INFO  o.a.c.c.C.[Tomcat].[localhost].[/] - Initializing Spring DispatcherServlet 'dispatcherServlet'
2020-03-03 12:50:02.459 remo [http-nio-8764-exec-1] INFO  o.s.web.servlet.DispatcherServlet - Initializing Servlet 'dispatcherServlet'
2020-03-03 12:50:02.493 remo [http-nio-8764-exec-1] INFO  o.s.web.servlet.DispatcherServlet - Completed initialization in 34 ms
2020-03-03 12:53:08.022 remo [AsyncResolver-bootstrap-executor-0] INFO  c.n.d.s.r.aws.ConfigClusterResolver - Resolving eureka endpoints via configuration
2020-03-03 12:53:38.094 remo [restartedMain] INFO  o.s.b.d.e.DevToolsPropertyDefaultsPostProcessor - Devtools property defaults active! Set 'spring.devtools.add-properties' to 'false' to disable
2020-03-03 12:53:38.316 remo [restartedMain] INFO  o.s.c.s.PostProcessorRegistrationDelegate$BeanPostProcessorChecker - Bean 'org.springframework.cloud.autoconfigure.ConfigurationPropertiesRebinderAutoConfiguration' of type [org.springframework.cloud.autoconfigure.ConfigurationPropertiesRebinderAutoConfiguration$$EnhancerBySpringCGLIB$$76737ebc] is not eligible for getting processed by all BeanPostProcessors (for example: not eligible for auto-proxying)
2020-03-03 12:53:39.606 remo [restartedMain] INFO  com.remo.LogApplication - No active profile set, falling back to default profiles: default
2020-03-03 12:53:40.243 remo [restartedMain] INFO  o.s.d.r.c.RepositoryConfigurationDelegate - Bootstrapping Spring Data repositories in DEFAULT mode.
2020-03-03 12:53:40.308 remo [restartedMain] INFO  o.s.d.r.c.RepositoryConfigurationDelegate - Finished Spring Data repository scanning in 58ms. Found 1 repository interfaces.
2020-03-03 12:53:40.582 remo [restartedMain] INFO  o.s.cloud.context.scope.GenericScope - BeanFactory id=d94ce635-1a3f-35d8-849f-cf5921b5bb24
2020-03-03 12:53:40.678 remo [restartedMain] INFO  o.s.c.s.PostProcessorRegistrationDelegate$BeanPostProcessorChecker - Bean 'org.springframework.transaction.annotation.ProxyTransactionManagementConfiguration' of type [org.springframework.transaction.annotation.ProxyTransactionManagementConfiguration$$EnhancerBySpringCGLIB$$5a597bbf] is not eligible for getting processed by all BeanPostProcessors (for example: not eligible for auto-proxying)
2020-03-03 12:53:40.702 remo [restartedMain] INFO  o.s.c.s.PostProcessorRegistrationDelegate$BeanPostProcessorChecker - Bean 'org.springframework.cloud.autoconfigure.ConfigurationPropertiesRebinderAutoConfiguration' of type [org.springframework.cloud.autoconfigure.ConfigurationPropertiesRebinderAutoConfiguration$$EnhancerBySpringCGLIB$$76737ebc] is not eligible for getting processed by all BeanPostProcessors (for example: not eligible for auto-proxying)
2020-03-03 12:53:41.558 remo [restartedMain] INFO  o.s.b.w.e.tomcat.TomcatWebServer - Tomcat initialized with port(s): 8764 (http)
2020-03-03 12:53:41.572 remo [restartedMain] INFO  o.a.coyote.http11.Http11NioProtocol - Initializing ProtocolHandler ["http-nio-8764"]
2020-03-03 12:53:41.688 remo [restartedMain] INFO  o.a.catalina.core.StandardService - Starting service [Tomcat]
2020-03-03 12:53:41.689 remo [restartedMain] INFO  o.a.catalina.core.StandardEngine - Starting Servlet engine: [Apache Tomcat/9.0.22]
2020-03-03 12:53:42.325 remo [restartedMain] INFO  o.a.c.c.C.[Tomcat].[localhost].[/] - Initializing Spring embedded WebApplicationContext
2020-03-03 12:53:42.326 remo [restartedMain] INFO  o.s.web.context.ContextLoader - Root WebApplicationContext: initialization completed in 2709 ms
2020-03-03 12:53:42.529 remo [restartedMain] INFO  com.zaxxer.hikari.HikariDataSource - HikariPool-1 - Starting...
2020-03-03 12:53:42.911 remo [restartedMain] INFO  com.zaxxer.hikari.HikariDataSource - HikariPool-1 - Start completed.
2020-03-03 12:53:42.965 remo [restartedMain] INFO  o.h.jpa.internal.util.LogHelper - HHH000204: Processing PersistenceUnitInfo [
	name: default
	...]
2020-03-03 12:53:43.032 remo [restartedMain] INFO  org.hibernate.Version - HHH000412: Hibernate Core {5.3.10.Final}
2020-03-03 12:53:43.033 remo [restartedMain] INFO  org.hibernate.cfg.Environment - HHH000206: hibernate.properties not found
2020-03-03 12:53:43.185 remo [restartedMain] INFO  o.h.annotations.common.Version - HCANN000001: Hibernate Commons Annotations {5.0.4.Final}
2020-03-03 12:53:43.336 remo [restartedMain] INFO  org.hibernate.dialect.Dialect - HHH000400: Using dialect: org.hibernate.dialect.MySQL5Dialect
2020-03-03 12:53:43.918 remo [restartedMain] INFO  o.s.o.j.LocalContainerEntityManagerFactoryBean - Initialized JPA EntityManagerFactory for persistence unit 'default'
2020-03-03 12:53:44.172 remo [restartedMain] INFO  c.n.c.sources.URLConfigurationSource - To enable URLs as dynamic configuration sources, define System property archaius.configurationSource.additionalUrls or make config.properties available on classpath.
2020-03-03 12:53:44.176 remo [restartedMain] INFO  c.n.c.sources.URLConfigurationSource - To enable URLs as dynamic configuration sources, define System property archaius.configurationSource.additionalUrls or make config.properties available on classpath.
2020-03-03 12:53:44.388 remo [restartedMain] INFO  o.s.s.c.ThreadPoolTaskExecutor - Initializing ExecutorService 'applicationTaskExecutor'
2020-03-03 12:53:45.895 remo [restartedMain] INFO  o.s.cloud.commons.util.InetUtils - Cannot determine local hostname
2020-03-03 12:53:47.049 remo [restartedMain] INFO  o.s.cloud.commons.util.InetUtils - Cannot determine local hostname
2020-03-03 12:53:47.223 remo [restartedMain] INFO  o.s.c.n.eureka.InstanceInfoFactory - Setting initial instance status as: STARTING
2020-03-03 12:53:47.429 remo [restartedMain] INFO  c.netflix.discovery.DiscoveryClient - Initializing Eureka in region us-east-1
2020-03-03 12:53:47.496 remo [restartedMain] INFO  c.n.d.p.DiscoveryJerseyProvider - Using JSON encoding codec LegacyJacksonJson
2020-03-03 12:53:47.496 remo [restartedMain] INFO  c.n.d.p.DiscoveryJerseyProvider - Using JSON decoding codec LegacyJacksonJson
2020-03-03 12:53:47.614 remo [restartedMain] INFO  c.n.d.p.DiscoveryJerseyProvider - Using XML encoding codec XStreamXml
2020-03-03 12:53:47.614 remo [restartedMain] INFO  c.n.d.p.DiscoveryJerseyProvider - Using XML decoding codec XStreamXml
2020-03-03 12:53:47.856 remo [restartedMain] INFO  c.n.d.s.r.aws.ConfigClusterResolver - Resolving eureka endpoints via configuration
2020-03-03 12:53:47.966 remo [restartedMain] INFO  c.netflix.discovery.DiscoveryClient - Disable delta property : false
2020-03-03 12:53:47.966 remo [restartedMain] INFO  c.netflix.discovery.DiscoveryClient - Single vip registry refresh property : null
2020-03-03 12:53:47.966 remo [restartedMain] INFO  c.netflix.discovery.DiscoveryClient - Force full registry fetch : false
2020-03-03 12:53:47.966 remo [restartedMain] INFO  c.netflix.discovery.DiscoveryClient - Application is null : false
2020-03-03 12:53:47.966 remo [restartedMain] INFO  c.netflix.discovery.DiscoveryClient - Registered Applications size is zero : true
2020-03-03 12:53:47.966 remo [restartedMain] INFO  c.netflix.discovery.DiscoveryClient - Application version is -1: true
2020-03-03 12:53:47.967 remo [restartedMain] INFO  c.netflix.discovery.DiscoveryClient - Getting all instance registry info from the eureka server
2020-03-03 12:53:48.137 remo [restartedMain] INFO  c.netflix.discovery.DiscoveryClient - The response status is 200
2020-03-03 12:53:48.141 remo [restartedMain] INFO  c.netflix.discovery.DiscoveryClient - Starting heartbeat executor: renew interval is: 30
2020-03-03 12:53:48.148 remo [restartedMain] INFO  c.n.discovery.InstanceInfoReplicator - InstanceInfoReplicator onDemand update allowed rate per min is 4
2020-03-03 12:53:48.157 remo [restartedMain] INFO  c.netflix.discovery.DiscoveryClient - Discovery Client initialized at timestamp 1583211228155 with initial instances count: 4
2020-03-03 12:53:48.160 remo [restartedMain] INFO  o.s.c.n.e.s.EurekaServiceRegistry - Registering application LOG with eureka with status UP
2020-03-03 12:53:48.161 remo [restartedMain] INFO  c.netflix.discovery.DiscoveryClient - Saw local status change event StatusChangeEvent [timestamp=1583211228161, current=UP, previous=STARTING]
2020-03-03 12:53:48.163 remo [DiscoveryClient-InstanceInfoReplicator-0] INFO  c.netflix.discovery.DiscoveryClient - DiscoveryClient_LOG/localhost:log:8764: registering service...
2020-03-03 12:53:48.180 remo [restartedMain] INFO  o.a.coyote.http11.Http11NioProtocol - Starting ProtocolHandler ["http-nio-8764"]
2020-03-03 12:53:48.207 remo [DiscoveryClient-InstanceInfoReplicator-0] INFO  c.netflix.discovery.DiscoveryClient - DiscoveryClient_LOG/localhost:log:8764 - registration status: 204
2020-03-03 12:53:48.210 remo [restartedMain] INFO  o.s.b.w.e.tomcat.TomcatWebServer - Tomcat started on port(s): 8764 (http) with context path ''
2020-03-03 12:53:48.211 remo [restartedMain] INFO  o.s.c.n.e.s.EurekaAutoServiceRegistration - Updating port to 8764
2020-03-03 12:53:48.214 remo [restartedMain] INFO  com.remo.LogApplication - Started LogApplication in 11.975 seconds (JVM running for 13.175)
2020-03-03 12:54:02.264 remo [http-nio-8764-exec-2] INFO  o.a.c.c.C.[Tomcat].[localhost].[/] - Initializing Spring DispatcherServlet 'dispatcherServlet'
2020-03-03 12:54:02.264 remo [http-nio-8764-exec-2] INFO  o.s.web.servlet.DispatcherServlet - Initializing Servlet 'dispatcherServlet'
2020-03-03 12:54:02.273 remo [http-nio-8764-exec-2] INFO  o.s.web.servlet.DispatcherServlet - Completed initialization in 9 ms
2020-03-03 12:58:47.970 remo [AsyncResolver-bootstrap-executor-0] INFO  c.n.d.s.r.aws.ConfigClusterResolver - Resolving eureka endpoints via configuration
2020-03-03 13:03:47.973 remo [AsyncResolver-bootstrap-executor-0] INFO  c.n.d.s.r.aws.ConfigClusterResolver - Resolving eureka endpoints via configuration
2020-03-03 13:08:47.974 remo [AsyncResolver-bootstrap-executor-0] INFO  c.n.d.s.r.aws.ConfigClusterResolver - Resolving eureka endpoints via configuration
2020-03-03 13:13:47.975 remo [AsyncResolver-bootstrap-executor-0] INFO  c.n.d.s.r.aws.ConfigClusterResolver - Resolving eureka endpoints via configuration
2020-03-03 13:18:47.977 remo [AsyncResolver-bootstrap-executor-0] INFO  c.n.d.s.r.aws.ConfigClusterResolver - Resolving eureka endpoints via configuration
2020-03-03 13:23:47.979 remo [AsyncResolver-bootstrap-executor-0] INFO  c.n.d.s.r.aws.ConfigClusterResolver - Resolving eureka endpoints via configuration
2020-03-03 13:28:47.980 remo [AsyncResolver-bootstrap-executor-0] INFO  c.n.d.s.r.aws.ConfigClusterResolver - Resolving eureka endpoints via configuration
2020-03-03 13:33:47.981 remo [AsyncResolver-bootstrap-executor-0] INFO  c.n.d.s.r.aws.ConfigClusterResolver - Resolving eureka endpoints via configuration
2020-03-03 13:38:47.983 remo [AsyncResolver-bootstrap-executor-0] INFO  c.n.d.s.r.aws.ConfigClusterResolver - Resolving eureka endpoints via configuration
2020-03-03 13:43:47.985 remo [AsyncResolver-bootstrap-executor-0] INFO  c.n.d.s.r.aws.ConfigClusterResolver - Resolving eureka endpoints via configuration
2020-03-03 13:48:47.987 remo [AsyncResolver-bootstrap-executor-0] INFO  c.n.d.s.r.aws.ConfigClusterResolver - Resolving eureka endpoints via configuration
2020-03-03 13:53:47.988 remo [AsyncResolver-bootstrap-executor-0] INFO  c.n.d.s.r.aws.ConfigClusterResolver - Resolving eureka endpoints via configuration
2020-03-03 13:58:47.990 remo [AsyncResolver-bootstrap-executor-0] INFO  c.n.d.s.r.aws.ConfigClusterResolver - Resolving eureka endpoints via configuration
2020-03-03 14:03:47.991 remo [AsyncResolver-bootstrap-executor-0] INFO  c.n.d.s.r.aws.ConfigClusterResolver - Resolving eureka endpoints via configuration
2020-03-03 14:08:47.992 remo [AsyncResolver-bootstrap-executor-0] INFO  c.n.d.s.r.aws.ConfigClusterResolver - Resolving eureka endpoints via configuration
2020-03-03 14:13:47.994 remo [AsyncResolver-bootstrap-executor-0] INFO  c.n.d.s.r.aws.ConfigClusterResolver - Resolving eureka endpoints via configuration
2020-03-03 14:18:47.996 remo [AsyncResolver-bootstrap-executor-0] INFO  c.n.d.s.r.aws.ConfigClusterResolver - Resolving eureka endpoints via configuration
2020-03-03 14:23:47.998 remo [AsyncResolver-bootstrap-executor-0] INFO  c.n.d.s.r.aws.ConfigClusterResolver - Resolving eureka endpoints via configuration
2020-03-03 14:28:47.999 remo [AsyncResolver-bootstrap-executor-0] INFO  c.n.d.s.r.aws.ConfigClusterResolver - Resolving eureka endpoints via configuration
2020-03-03 14:33:48.001 remo [AsyncResolver-bootstrap-executor-0] INFO  c.n.d.s.r.aws.ConfigClusterResolver - Resolving eureka endpoints via configuration
2020-03-03 14:38:48.002 remo [AsyncResolver-bootstrap-executor-0] INFO  c.n.d.s.r.aws.ConfigClusterResolver - Resolving eureka endpoints via configuration
2020-03-03 14:43:48.003 remo [AsyncResolver-bootstrap-executor-0] INFO  c.n.d.s.r.aws.ConfigClusterResolver - Resolving eureka endpoints via configuration
2020-03-03 14:48:48.005 remo [AsyncResolver-bootstrap-executor-0] INFO  c.n.d.s.r.aws.ConfigClusterResolver - Resolving eureka endpoints via configuration
2020-03-03 14:53:48.007 remo [AsyncResolver-bootstrap-executor-0] INFO  c.n.d.s.r.aws.ConfigClusterResolver - Resolving eureka endpoints via configuration
2020-03-03 14:58:48.009 remo [AsyncResolver-bootstrap-executor-0] INFO  c.n.d.s.r.aws.ConfigClusterResolver - Resolving eureka endpoints via configuration
2020-03-03 15:03:48.010 remo [AsyncResolver-bootstrap-executor-0] INFO  c.n.d.s.r.aws.ConfigClusterResolver - Resolving eureka endpoints via configuration
2020-03-03 15:08:48.011 remo [AsyncResolver-bootstrap-executor-0] INFO  c.n.d.s.r.aws.ConfigClusterResolver - Resolving eureka endpoints via configuration
2020-03-03 15:13:48.013 remo [AsyncResolver-bootstrap-executor-0] INFO  c.n.d.s.r.aws.ConfigClusterResolver - Resolving eureka endpoints via configuration
2020-03-03 15:18:48.015 remo [AsyncResolver-bootstrap-executor-0] INFO  c.n.d.s.r.aws.ConfigClusterResolver - Resolving eureka endpoints via configuration
2020-03-03 15:23:48.016 remo [AsyncResolver-bootstrap-executor-0] INFO  c.n.d.s.r.aws.ConfigClusterResolver - Resolving eureka endpoints via configuration
2020-03-03 15:28:48.019 remo [AsyncResolver-bootstrap-executor-0] INFO  c.n.d.s.r.aws.ConfigClusterResolver - Resolving eureka endpoints via configuration
2020-03-03 15:33:48.020 remo [AsyncResolver-bootstrap-executor-0] INFO  c.n.d.s.r.aws.ConfigClusterResolver - Resolving eureka endpoints via configuration
2020-03-03 15:38:48.022 remo [AsyncResolver-bootstrap-executor-0] INFO  c.n.d.s.r.aws.ConfigClusterResolver - Resolving eureka endpoints via configuration
2020-03-03 15:43:48.024 remo [AsyncResolver-bootstrap-executor-0] INFO  c.n.d.s.r.aws.ConfigClusterResolver - Resolving eureka endpoints via configuration
2020-03-03 15:48:48.025 remo [AsyncResolver-bootstrap-executor-0] INFO  c.n.d.s.r.aws.ConfigClusterResolver - Resolving eureka endpoints via configuration
2020-03-03 15:53:48.027 remo [AsyncResolver-bootstrap-executor-0] INFO  c.n.d.s.r.aws.ConfigClusterResolver - Resolving eureka endpoints via configuration
2020-03-03 15:54:02.160 remo [Thread-33] INFO  o.s.c.n.e.s.EurekaServiceRegistry - Unregistering application LOG with eureka with status DOWN
2020-03-03 15:54:02.161 remo [DiscoveryClient-InstanceInfoReplicator-0] INFO  c.netflix.discovery.DiscoveryClient - DiscoveryClient_LOG/localhost:log:8764: registering service...
2020-03-03 15:54:02.167 remo [DiscoveryClient-InstanceInfoReplicator-0] INFO  c.netflix.discovery.DiscoveryClient - DiscoveryClient_LOG/localhost:log:8764 - registration status: 204
2020-03-03 15:54:02.173 remo [Thread-33] INFO  o.s.s.c.ThreadPoolTaskExecutor - Shutting down ExecutorService 'applicationTaskExecutor'
2020-03-03 15:54:02.180 remo [Thread-33] INFO  o.s.o.j.LocalContainerEntityManagerFactoryBean - Closing JPA EntityManagerFactory for persistence unit 'default'
2020-03-03 15:54:02.188 remo [Thread-33] INFO  c.netflix.discovery.DiscoveryClient - Shutting down DiscoveryClient ...
2020-03-03 15:54:05.190 remo [Thread-33] INFO  c.netflix.discovery.DiscoveryClient - Unregistering ...
2020-03-03 15:54:05.194 remo [Thread-33] INFO  c.netflix.discovery.DiscoveryClient - DiscoveryClient_LOG/localhost:log:8764 - deregister  status: 200
2020-03-03 15:54:05.205 remo [Thread-33] INFO  c.netflix.discovery.DiscoveryClient - Completed shut down of DiscoveryClient
2020-03-03 15:54:05.206 remo [Thread-33] INFO  com.zaxxer.hikari.HikariDataSource - HikariPool-1 - Shutdown initiated...
2020-03-03 15:54:05.215 remo [Thread-33] INFO  com.zaxxer.hikari.HikariDataSource - HikariPool-1 - Shutdown completed.
2020-03-03 15:54:57.848 remo [restartedMain] INFO  o.s.b.d.e.DevToolsPropertyDefaultsPostProcessor - Devtools property defaults active! Set 'spring.devtools.add-properties' to 'false' to disable
2020-03-03 15:54:58.031 remo [restartedMain] INFO  o.s.c.s.PostProcessorRegistrationDelegate$BeanPostProcessorChecker - Bean 'org.springframework.cloud.autoconfigure.ConfigurationPropertiesRebinderAutoConfiguration' of type [org.springframework.cloud.autoconfigure.ConfigurationPropertiesRebinderAutoConfiguration$$EnhancerBySpringCGLIB$$2699fdd9] is not eligible for getting processed by all BeanPostProcessors (for example: not eligible for auto-proxying)
2020-03-03 15:54:59.314 remo [restartedMain] INFO  com.remo.LogApplication - The following profiles are active: log-one
2020-03-03 15:54:59.838 remo [restartedMain] INFO  o.s.d.r.c.RepositoryConfigurationDelegate - Bootstrapping Spring Data repositories in DEFAULT mode.
2020-03-03 15:54:59.898 remo [restartedMain] INFO  o.s.d.r.c.RepositoryConfigurationDelegate - Finished Spring Data repository scanning in 52ms. Found 1 repository interfaces.
2020-03-03 15:55:00.221 remo [restartedMain] INFO  o.s.cloud.context.scope.GenericScope - BeanFactory id=d94ce635-1a3f-35d8-849f-cf5921b5bb24
2020-03-03 15:55:00.318 remo [restartedMain] INFO  o.s.c.s.PostProcessorRegistrationDelegate$BeanPostProcessorChecker - Bean 'org.springframework.transaction.annotation.ProxyTransactionManagementConfiguration' of type [org.springframework.transaction.annotation.ProxyTransactionManagementConfiguration$$EnhancerBySpringCGLIB$$a7ffadc] is not eligible for getting processed by all BeanPostProcessors (for example: not eligible for auto-proxying)
2020-03-03 15:55:00.337 remo [restartedMain] INFO  o.s.c.s.PostProcessorRegistrationDelegate$BeanPostProcessorChecker - Bean 'org.springframework.cloud.autoconfigure.ConfigurationPropertiesRebinderAutoConfiguration' of type [org.springframework.cloud.autoconfigure.ConfigurationPropertiesRebinderAutoConfiguration$$EnhancerBySpringCGLIB$$2699fdd9] is not eligible for getting processed by all BeanPostProcessors (for example: not eligible for auto-proxying)
2020-03-03 15:55:01.035 remo [restartedMain] INFO  o.s.b.w.e.tomcat.TomcatWebServer - Tomcat initialized with port(s): 8764 (http)
2020-03-03 15:55:01.048 remo [restartedMain] INFO  o.a.coyote.http11.Http11NioProtocol - Initializing ProtocolHandler ["http-nio-8764"]
2020-03-03 15:55:01.057 remo [restartedMain] INFO  o.a.catalina.core.StandardService - Starting service [Tomcat]
2020-03-03 15:55:01.058 remo [restartedMain] INFO  o.a.catalina.core.StandardEngine - Starting Servlet engine: [Apache Tomcat/9.0.22]
2020-03-03 15:55:01.816 remo [restartedMain] INFO  o.a.c.c.C.[Tomcat].[localhost].[/] - Initializing Spring embedded WebApplicationContext
2020-03-03 15:55:01.816 remo [restartedMain] INFO  o.s.web.context.ContextLoader - Root WebApplicationContext: initialization completed in 2491 ms
2020-03-03 15:55:02.007 remo [restartedMain] INFO  com.zaxxer.hikari.HikariDataSource - HikariPool-1 - Starting...
2020-03-03 15:55:02.482 remo [restartedMain] INFO  com.zaxxer.hikari.HikariDataSource - HikariPool-1 - Start completed.
2020-03-03 15:55:02.549 remo [restartedMain] INFO  o.h.jpa.internal.util.LogHelper - HHH000204: Processing PersistenceUnitInfo [
	name: default
	...]
2020-03-03 15:55:02.618 remo [restartedMain] INFO  org.hibernate.Version - HHH000412: Hibernate Core {5.3.10.Final}
2020-03-03 15:55:02.619 remo [restartedMain] INFO  org.hibernate.cfg.Environment - HHH000206: hibernate.properties not found
2020-03-03 15:55:02.762 remo [restartedMain] INFO  o.h.annotations.common.Version - HCANN000001: Hibernate Commons Annotations {5.0.4.Final}
2020-03-03 15:55:02.883 remo [restartedMain] INFO  org.hibernate.dialect.Dialect - HHH000400: Using dialect: org.hibernate.dialect.MySQL5Dialect
2020-03-03 15:55:03.645 remo [restartedMain] INFO  o.s.o.j.LocalContainerEntityManagerFactoryBean - Initialized JPA EntityManagerFactory for persistence unit 'default'
2020-03-03 15:55:03.992 remo [restartedMain] INFO  c.n.c.sources.URLConfigurationSource - To enable URLs as dynamic configuration sources, define System property archaius.configurationSource.additionalUrls or make config.properties available on classpath.
2020-03-03 15:55:03.996 remo [restartedMain] INFO  c.n.c.sources.URLConfigurationSource - To enable URLs as dynamic configuration sources, define System property archaius.configurationSource.additionalUrls or make config.properties available on classpath.
2020-03-03 15:55:04.233 remo [restartedMain] INFO  o.s.s.c.ThreadPoolTaskExecutor - Initializing ExecutorService 'applicationTaskExecutor'
2020-03-03 15:55:04.919 remo [restartedMain] INFO  o.s.b.d.e.DevToolsPropertyDefaultsPostProcessor - Devtools property defaults active! Set 'spring.devtools.add-properties' to 'false' to disable
2020-03-03 15:55:05.102 remo [restartedMain] INFO  o.s.c.s.PostProcessorRegistrationDelegate$BeanPostProcessorChecker - Bean 'org.springframework.cloud.autoconfigure.ConfigurationPropertiesRebinderAutoConfiguration' of type [org.springframework.cloud.autoconfigure.ConfigurationPropertiesRebinderAutoConfiguration$$EnhancerBySpringCGLIB$$74b6a9af] is not eligible for getting processed by all BeanPostProcessors (for example: not eligible for auto-proxying)
2020-03-03 15:55:05.773 remo [restartedMain] INFO  o.s.cloud.commons.util.InetUtils - Cannot determine local hostname
2020-03-03 15:55:06.375 remo [restartedMain] INFO  com.remo.LogApplication - The following profiles are active: log-two
2020-03-03 15:55:06.877 remo [restartedMain] INFO  o.s.d.r.c.RepositoryConfigurationDelegate - Bootstrapping Spring Data repositories in DEFAULT mode.
2020-03-03 15:55:06.924 remo [restartedMain] INFO  o.s.cloud.commons.util.InetUtils - Cannot determine local hostname
2020-03-03 15:55:06.933 remo [restartedMain] INFO  o.s.d.r.c.RepositoryConfigurationDelegate - Finished Spring Data repository scanning in 50ms. Found 1 repository interfaces.
2020-03-03 15:55:07.059 remo [restartedMain] INFO  o.s.c.n.eureka.InstanceInfoFactory - Setting initial instance status as: STARTING
2020-03-03 15:55:07.093 remo [restartedMain] INFO  c.netflix.discovery.DiscoveryClient - Initializing Eureka in region us-east-1
2020-03-03 15:55:07.202 remo [restartedMain] INFO  o.s.cloud.context.scope.GenericScope - BeanFactory id=d94ce635-1a3f-35d8-849f-cf5921b5bb24
2020-03-03 15:55:07.314 remo [restartedMain] INFO  o.s.c.s.PostProcessorRegistrationDelegate$BeanPostProcessorChecker - Bean 'org.springframework.transaction.annotation.ProxyTransactionManagementConfiguration' of type [org.springframework.transaction.annotation.ProxyTransactionManagementConfiguration$$EnhancerBySpringCGLIB$$589ca6b2] is not eligible for getting processed by all BeanPostProcessors (for example: not eligible for auto-proxying)
2020-03-03 15:55:07.323 remo [restartedMain] INFO  c.n.d.p.DiscoveryJerseyProvider - Using JSON encoding codec LegacyJacksonJson
2020-03-03 15:55:07.323 remo [restartedMain] INFO  c.n.d.p.DiscoveryJerseyProvider - Using JSON decoding codec LegacyJacksonJson
2020-03-03 15:55:07.333 remo [restartedMain] INFO  o.s.c.s.PostProcessorRegistrationDelegate$BeanPostProcessorChecker - Bean 'org.springframework.cloud.autoconfigure.ConfigurationPropertiesRebinderAutoConfiguration' of type [org.springframework.cloud.autoconfigure.ConfigurationPropertiesRebinderAutoConfiguration$$EnhancerBySpringCGLIB$$74b6a9af] is not eligible for getting processed by all BeanPostProcessors (for example: not eligible for auto-proxying)
2020-03-03 15:55:07.432 remo [restartedMain] INFO  c.n.d.p.DiscoveryJerseyProvider - Using XML encoding codec XStreamXml
2020-03-03 15:55:07.432 remo [restartedMain] INFO  c.n.d.p.DiscoveryJerseyProvider - Using XML decoding codec XStreamXml
2020-03-03 15:55:07.598 remo [restartedMain] INFO  c.n.d.s.r.aws.ConfigClusterResolver - Resolving eureka endpoints via configuration
2020-03-03 15:55:07.707 remo [restartedMain] INFO  c.netflix.discovery.DiscoveryClient - Disable delta property : false
2020-03-03 15:55:07.707 remo [restartedMain] INFO  c.netflix.discovery.DiscoveryClient - Single vip registry refresh property : null
2020-03-03 15:55:07.707 remo [restartedMain] INFO  c.netflix.discovery.DiscoveryClient - Force full registry fetch : false
2020-03-03 15:55:07.707 remo [restartedMain] INFO  c.netflix.discovery.DiscoveryClient - Application is null : false
2020-03-03 15:55:07.707 remo [restartedMain] INFO  c.netflix.discovery.DiscoveryClient - Registered Applications size is zero : true
2020-03-03 15:55:07.707 remo [restartedMain] INFO  c.netflix.discovery.DiscoveryClient - Application version is -1: true
2020-03-03 15:55:07.707 remo [restartedMain] INFO  c.netflix.discovery.DiscoveryClient - Getting all instance registry info from the eureka server
2020-03-03 15:55:07.858 remo [restartedMain] INFO  c.netflix.discovery.DiscoveryClient - The response status is 200
2020-03-03 15:55:07.861 remo [restartedMain] INFO  c.netflix.discovery.DiscoveryClient - Starting heartbeat executor: renew interval is: 30
2020-03-03 15:55:07.864 remo [restartedMain] INFO  c.n.discovery.InstanceInfoReplicator - InstanceInfoReplicator onDemand update allowed rate per min is 4
2020-03-03 15:55:07.868 remo [restartedMain] INFO  c.netflix.discovery.DiscoveryClient - Discovery Client initialized at timestamp 1583222107866 with initial instances count: 3
2020-03-03 15:55:07.870 remo [restartedMain] INFO  o.s.c.n.e.s.EurekaServiceRegistry - Registering application LOG with eureka with status UP
2020-03-03 15:55:07.871 remo [restartedMain] INFO  c.netflix.discovery.DiscoveryClient - Saw local status change event StatusChangeEvent [timestamp=1583222107871, current=UP, previous=STARTING]
2020-03-03 15:55:07.873 remo [DiscoveryClient-InstanceInfoReplicator-0] INFO  c.netflix.discovery.DiscoveryClient - DiscoveryClient_LOG/localhost:log:8764: registering service...
2020-03-03 15:55:07.886 remo [restartedMain] INFO  o.a.coyote.http11.Http11NioProtocol - Starting ProtocolHandler ["http-nio-8764"]
2020-03-03 15:55:07.910 remo [DiscoveryClient-InstanceInfoReplicator-0] INFO  c.netflix.discovery.DiscoveryClient - DiscoveryClient_LOG/localhost:log:8764 - registration status: 204
2020-03-03 15:55:07.912 remo [restartedMain] INFO  o.s.b.w.e.tomcat.TomcatWebServer - Tomcat started on port(s): 8764 (http) with context path ''
2020-03-03 15:55:07.913 remo [restartedMain] INFO  o.s.c.n.e.s.EurekaAutoServiceRegistration - Updating port to 8764
2020-03-03 15:55:07.915 remo [restartedMain] INFO  com.remo.LogApplication - Started LogApplication in 11.829 seconds (JVM running for 12.706)
2020-03-03 15:55:08.009 remo [restartedMain] INFO  o.s.b.w.e.tomcat.TomcatWebServer - Tomcat initialized with port(s): 8765 (http)
2020-03-03 15:55:08.022 remo [restartedMain] INFO  o.a.coyote.http11.Http11NioProtocol - Initializing ProtocolHandler ["http-nio-8765"]
2020-03-03 15:55:08.031 remo [restartedMain] INFO  o.a.catalina.core.StandardService - Starting service [Tomcat]
2020-03-03 15:55:08.032 remo [restartedMain] INFO  o.a.catalina.core.StandardEngine - Starting Servlet engine: [Apache Tomcat/9.0.22]
2020-03-03 15:55:08.760 remo [restartedMain] INFO  o.a.c.c.C.[Tomcat].[localhost].[/] - Initializing Spring embedded WebApplicationContext
2020-03-03 15:55:08.761 remo [restartedMain] INFO  o.s.web.context.ContextLoader - Root WebApplicationContext: initialization completed in 2376 ms
2020-03-03 15:55:08.932 remo [restartedMain] INFO  com.zaxxer.hikari.HikariDataSource - HikariPool-1 - Starting...
2020-03-03 15:55:09.284 remo [restartedMain] INFO  com.zaxxer.hikari.HikariDataSource - HikariPool-1 - Start completed.
2020-03-03 15:55:09.329 remo [restartedMain] INFO  o.h.jpa.internal.util.LogHelper - HHH000204: Processing PersistenceUnitInfo [
	name: default
	...]
2020-03-03 15:55:09.378 remo [restartedMain] INFO  org.hibernate.Version - HHH000412: Hibernate Core {5.3.10.Final}
2020-03-03 15:55:09.380 remo [restartedMain] INFO  org.hibernate.cfg.Environment - HHH000206: hibernate.properties not found
2020-03-03 15:55:09.493 remo [restartedMain] INFO  o.h.annotations.common.Version - HCANN000001: Hibernate Commons Annotations {5.0.4.Final}
2020-03-03 15:55:09.603 remo [restartedMain] INFO  org.hibernate.dialect.Dialect - HHH000400: Using dialect: org.hibernate.dialect.MySQL5Dialect
2020-03-03 15:55:10.076 remo [restartedMain] INFO  o.s.o.j.LocalContainerEntityManagerFactoryBean - Initialized JPA EntityManagerFactory for persistence unit 'default'
2020-03-03 15:55:10.303 remo [restartedMain] INFO  c.n.c.sources.URLConfigurationSource - To enable URLs as dynamic configuration sources, define System property archaius.configurationSource.additionalUrls or make config.properties available on classpath.
2020-03-03 15:55:10.307 remo [restartedMain] INFO  c.n.c.sources.URLConfigurationSource - To enable URLs as dynamic configuration sources, define System property archaius.configurationSource.additionalUrls or make config.properties available on classpath.
2020-03-03 15:55:10.503 remo [restartedMain] INFO  o.s.s.c.ThreadPoolTaskExecutor - Initializing ExecutorService 'applicationTaskExecutor'
2020-03-03 15:55:11.985 remo [restartedMain] INFO  o.s.cloud.commons.util.InetUtils - Cannot determine local hostname
2020-03-03 15:55:13.135 remo [restartedMain] INFO  o.s.cloud.commons.util.InetUtils - Cannot determine local hostname
2020-03-03 15:55:13.255 remo [restartedMain] INFO  o.s.c.n.eureka.InstanceInfoFactory - Setting initial instance status as: STARTING
2020-03-03 15:55:13.285 remo [restartedMain] INFO  c.netflix.discovery.DiscoveryClient - Initializing Eureka in region us-east-1
2020-03-03 15:55:13.505 remo [restartedMain] INFO  c.n.d.p.DiscoveryJerseyProvider - Using JSON encoding codec LegacyJacksonJson
2020-03-03 15:55:13.505 remo [restartedMain] INFO  c.n.d.p.DiscoveryJerseyProvider - Using JSON decoding codec LegacyJacksonJson
2020-03-03 15:55:13.604 remo [restartedMain] INFO  c.n.d.p.DiscoveryJerseyProvider - Using XML encoding codec XStreamXml
2020-03-03 15:55:13.604 remo [restartedMain] INFO  c.n.d.p.DiscoveryJerseyProvider - Using XML decoding codec XStreamXml
2020-03-03 15:55:13.770 remo [restartedMain] INFO  c.n.d.s.r.aws.ConfigClusterResolver - Resolving eureka endpoints via configuration
2020-03-03 15:55:13.878 remo [restartedMain] INFO  c.netflix.discovery.DiscoveryClient - Disable delta property : false
2020-03-03 15:55:13.878 remo [restartedMain] INFO  c.netflix.discovery.DiscoveryClient - Single vip registry refresh property : null
2020-03-03 15:55:13.878 remo [restartedMain] INFO  c.netflix.discovery.DiscoveryClient - Force full registry fetch : false
2020-03-03 15:55:13.878 remo [restartedMain] INFO  c.netflix.discovery.DiscoveryClient - Application is null : false
2020-03-03 15:55:13.879 remo [restartedMain] INFO  c.netflix.discovery.DiscoveryClient - Registered Applications size is zero : true
2020-03-03 15:55:13.879 remo [restartedMain] INFO  c.netflix.discovery.DiscoveryClient - Application version is -1: true
2020-03-03 15:55:13.879 remo [restartedMain] INFO  c.netflix.discovery.DiscoveryClient - Getting all instance registry info from the eureka server
2020-03-03 15:55:14.019 remo [restartedMain] INFO  c.netflix.discovery.DiscoveryClient - The response status is 200
2020-03-03 15:55:14.022 remo [restartedMain] INFO  c.netflix.discovery.DiscoveryClient - Starting heartbeat executor: renew interval is: 30
2020-03-03 15:55:14.024 remo [restartedMain] INFO  c.n.discovery.InstanceInfoReplicator - InstanceInfoReplicator onDemand update allowed rate per min is 4
2020-03-03 15:55:14.027 remo [restartedMain] INFO  c.netflix.discovery.DiscoveryClient - Discovery Client initialized at timestamp 1583222114026 with initial instances count: 3
2020-03-03 15:55:14.031 remo [restartedMain] INFO  o.s.c.n.e.s.EurekaServiceRegistry - Registering application LOG with eureka with status UP
2020-03-03 15:55:14.031 remo [restartedMain] INFO  c.netflix.discovery.DiscoveryClient - Saw local status change event StatusChangeEvent [timestamp=1583222114031, current=UP, previous=STARTING]
2020-03-03 15:55:14.033 remo [DiscoveryClient-InstanceInfoReplicator-0] INFO  c.netflix.discovery.DiscoveryClient - DiscoveryClient_LOG/localhost:log:8765: registering service...
2020-03-03 15:55:14.050 remo [restartedMain] INFO  o.a.coyote.http11.Http11NioProtocol - Starting ProtocolHandler ["http-nio-8765"]
2020-03-03 15:55:14.074 remo [DiscoveryClient-InstanceInfoReplicator-0] INFO  c.netflix.discovery.DiscoveryClient - DiscoveryClient_LOG/localhost:log:8765 - registration status: 204
2020-03-03 15:55:14.076 remo [restartedMain] INFO  o.s.b.w.e.tomcat.TomcatWebServer - Tomcat started on port(s): 8765 (http) with context path ''
2020-03-03 15:55:14.076 remo [restartedMain] INFO  o.s.c.n.e.s.EurekaAutoServiceRegistration - Updating port to 8765
2020-03-03 15:55:14.078 remo [restartedMain] INFO  com.remo.LogApplication - Started LogApplication in 10.918 seconds (JVM running for 11.927)
2020-03-03 15:55:44.829 remo [http-nio-8764-exec-1] INFO  o.a.c.c.C.[Tomcat].[localhost].[/] - Initializing Spring DispatcherServlet 'dispatcherServlet'
2020-03-03 15:55:44.829 remo [http-nio-8764-exec-1] INFO  o.s.web.servlet.DispatcherServlet - Initializing Servlet 'dispatcherServlet'
2020-03-03 15:55:44.837 remo [http-nio-8764-exec-1] INFO  o.s.web.servlet.DispatcherServlet - Completed initialization in 8 ms
2020-03-03 15:55:46.544 remo [http-nio-8765-exec-1] INFO  o.a.c.c.C.[Tomcat].[localhost].[/] - Initializing Spring DispatcherServlet 'dispatcherServlet'
2020-03-03 15:55:46.545 remo [http-nio-8765-exec-1] INFO  o.s.web.servlet.DispatcherServlet - Initializing Servlet 'dispatcherServlet'
2020-03-03 15:55:46.553 remo [http-nio-8765-exec-1] INFO  o.s.web.servlet.DispatcherServlet - Completed initialization in 8 ms
2020-03-03 16:00:07.711 remo [AsyncResolver-bootstrap-executor-0] INFO  c.n.d.s.r.aws.ConfigClusterResolver - Resolving eureka endpoints via configuration
2020-03-03 16:00:13.882 remo [AsyncResolver-bootstrap-executor-0] INFO  c.n.d.s.r.aws.ConfigClusterResolver - Resolving eureka endpoints via configuration
2020-03-03 16:05:07.712 remo [AsyncResolver-bootstrap-executor-0] INFO  c.n.d.s.r.aws.ConfigClusterResolver - Resolving eureka endpoints via configuration
2020-03-03 16:05:13.883 remo [AsyncResolver-bootstrap-executor-0] INFO  c.n.d.s.r.aws.ConfigClusterResolver - Resolving eureka endpoints via configuration
2020-03-03 16:10:07.714 remo [AsyncResolver-bootstrap-executor-0] INFO  c.n.d.s.r.aws.ConfigClusterResolver - Resolving eureka endpoints via configuration
2020-03-03 16:10:13.884 remo [AsyncResolver-bootstrap-executor-0] INFO  c.n.d.s.r.aws.ConfigClusterResolver - Resolving eureka endpoints via configuration
2020-03-03 16:15:07.716 remo [AsyncResolver-bootstrap-executor-0] INFO  c.n.d.s.r.aws.ConfigClusterResolver - Resolving eureka endpoints via configuration
2020-03-03 16:15:13.885 remo [AsyncResolver-bootstrap-executor-0] INFO  c.n.d.s.r.aws.ConfigClusterResolver - Resolving eureka endpoints via configuration
2020-03-03 16:20:07.717 remo [AsyncResolver-bootstrap-executor-0] INFO  c.n.d.s.r.aws.ConfigClusterResolver - Resolving eureka endpoints via configuration
2020-03-03 16:20:13.886 remo [AsyncResolver-bootstrap-executor-0] INFO  c.n.d.s.r.aws.ConfigClusterResolver - Resolving eureka endpoints via configuration
2020-03-03 16:25:07.718 remo [AsyncResolver-bootstrap-executor-0] INFO  c.n.d.s.r.aws.ConfigClusterResolver - Resolving eureka endpoints via configuration
2020-03-03 16:25:13.888 remo [AsyncResolver-bootstrap-executor-0] INFO  c.n.d.s.r.aws.ConfigClusterResolver - Resolving eureka endpoints via configuration
2020-03-03 16:30:07.719 remo [AsyncResolver-bootstrap-executor-0] INFO  c.n.d.s.r.aws.ConfigClusterResolver - Resolving eureka endpoints via configuration
2020-03-03 16:30:13.889 remo [AsyncResolver-bootstrap-executor-0] INFO  c.n.d.s.r.aws.ConfigClusterResolver - Resolving eureka endpoints via configuration
2020-03-03 16:35:07.721 remo [AsyncResolver-bootstrap-executor-0] INFO  c.n.d.s.r.aws.ConfigClusterResolver - Resolving eureka endpoints via configuration
2020-03-03 16:35:13.891 remo [AsyncResolver-bootstrap-executor-0] INFO  c.n.d.s.r.aws.ConfigClusterResolver - Resolving eureka endpoints via configuration
2020-03-03 16:40:07.723 remo [AsyncResolver-bootstrap-executor-0] INFO  c.n.d.s.r.aws.ConfigClusterResolver - Resolving eureka endpoints via configuration
2020-03-03 16:40:13.892 remo [AsyncResolver-bootstrap-executor-0] INFO  c.n.d.s.r.aws.ConfigClusterResolver - Resolving eureka endpoints via configuration
2020-03-03 16:45:07.724 remo [AsyncResolver-bootstrap-executor-0] INFO  c.n.d.s.r.aws.ConfigClusterResolver - Resolving eureka endpoints via configuration
2020-03-03 16:45:13.894 remo [AsyncResolver-bootstrap-executor-0] INFO  c.n.d.s.r.aws.ConfigClusterResolver - Resolving eureka endpoints via configuration
2020-03-03 16:50:07.726 remo [AsyncResolver-bootstrap-executor-0] INFO  c.n.d.s.r.aws.ConfigClusterResolver - Resolving eureka endpoints via configuration
2020-03-03 16:50:13.896 remo [AsyncResolver-bootstrap-executor-0] INFO  c.n.d.s.r.aws.ConfigClusterResolver - Resolving eureka endpoints via configuration
2020-03-03 16:55:07.728 remo [AsyncResolver-bootstrap-executor-0] INFO  c.n.d.s.r.aws.ConfigClusterResolver - Resolving eureka endpoints via configuration
2020-03-03 16:55:13.898 remo [AsyncResolver-bootstrap-executor-0] INFO  c.n.d.s.r.aws.ConfigClusterResolver - Resolving eureka endpoints via configuration
2020-03-03 17:00:07.729 remo [AsyncResolver-bootstrap-executor-0] INFO  c.n.d.s.r.aws.ConfigClusterResolver - Resolving eureka endpoints via configuration
2020-03-03 17:00:13.899 remo [AsyncResolver-bootstrap-executor-0] INFO  c.n.d.s.r.aws.ConfigClusterResolver - Resolving eureka endpoints via configuration
2020-03-03 17:05:07.730 remo [AsyncResolver-bootstrap-executor-0] INFO  c.n.d.s.r.aws.ConfigClusterResolver - Resolving eureka endpoints via configuration
2020-03-03 17:05:13.901 remo [AsyncResolver-bootstrap-executor-0] INFO  c.n.d.s.r.aws.ConfigClusterResolver - Resolving eureka endpoints via configuration
2020-03-03 17:10:07.731 remo [AsyncResolver-bootstrap-executor-0] INFO  c.n.d.s.r.aws.ConfigClusterResolver - Resolving eureka endpoints via configuration
2020-03-03 17:10:13.903 remo [AsyncResolver-bootstrap-executor-0] INFO  c.n.d.s.r.aws.ConfigClusterResolver - Resolving eureka endpoints via configuration
2020-03-03 17:15:07.732 remo [AsyncResolver-bootstrap-executor-0] INFO  c.n.d.s.r.aws.ConfigClusterResolver - Resolving eureka endpoints via configuration
2020-03-03 17:15:13.904 remo [AsyncResolver-bootstrap-executor-0] INFO  c.n.d.s.r.aws.ConfigClusterResolver - Resolving eureka endpoints via configuration
2020-03-03 17:20:07.733 remo [AsyncResolver-bootstrap-executor-0] INFO  c.n.d.s.r.aws.ConfigClusterResolver - Resolving eureka endpoints via configuration
2020-03-03 17:20:13.906 remo [AsyncResolver-bootstrap-executor-0] INFO  c.n.d.s.r.aws.ConfigClusterResolver - Resolving eureka endpoints via configuration
2020-03-03 17:25:07.735 remo [AsyncResolver-bootstrap-executor-0] INFO  c.n.d.s.r.aws.ConfigClusterResolver - Resolving eureka endpoints via configuration
2020-03-03 17:25:13.907 remo [AsyncResolver-bootstrap-executor-0] INFO  c.n.d.s.r.aws.ConfigClusterResolver - Resolving eureka endpoints via configuration
2020-03-03 17:30:07.736 remo [AsyncResolver-bootstrap-executor-0] INFO  c.n.d.s.r.aws.ConfigClusterResolver - Resolving eureka endpoints via configuration
2020-03-03 17:30:13.908 remo [AsyncResolver-bootstrap-executor-0] INFO  c.n.d.s.r.aws.ConfigClusterResolver - Resolving eureka endpoints via configuration
2020-03-03 17:35:07.737 remo [AsyncResolver-bootstrap-executor-0] INFO  c.n.d.s.r.aws.ConfigClusterResolver - Resolving eureka endpoints via configuration
2020-03-03 17:35:13.910 remo [AsyncResolver-bootstrap-executor-0] INFO  c.n.d.s.r.aws.ConfigClusterResolver - Resolving eureka endpoints via configuration
